{
  "0 debug pnpm:scope": {
    "selected": 1
  },
  "1 info pnpm": {
    "err": {
      "name": "Error",
      "message": "Command failed with ENOENT: next build\nspawn next ENOENT",
      "code": "ENOENT",
      "stack": "Error: Command failed with ENOENT: next build\nspawn next ENOENT\n    at Process.ChildProcess._handle.onexit (internal/child_process.js:269:19)\n    at onErrorNT (internal/child_process.js:467:16)\n    at processTicksAndRejections (internal/process/task_queues.js:82:21)"
    }
  },
  "2 error pnpm": {
    "errno": -2,
    "code": "ERR_PNPM_RECURSIVE_EXEC_FIRST_FAIL",
    "syscall": "spawn next",
    "path": "next",
    "spawnargs": [
      "build"
    ],
    "originalMessage": "spawn next ENOENT",
    "shortMessage": "Command failed with ENOENT: next build\nspawn next ENOENT",
    "command": "next build",
    "escapedCommand": "next build",
    "failed": true,
    "timedOut": false,
    "isCanceled": false,
    "killed": false,
    "prefix": "/Users/yuna/Git/gitmoji",
    "err": {
      "name": "pnpm",
      "message": "Command failed with ENOENT: next build\nspawn next ENOENT",
      "code": "ERR_PNPM_RECURSIVE_EXEC_FIRST_FAIL",
      "stack": "Error: Command failed with ENOENT: next build\nspawn next ENOENT\n    at Process.ChildProcess._handle.onexit (internal/child_process.js:269:19)\n    at onErrorNT (internal/child_process.js:467:16)\n    at processTicksAndRejections (internal/process/task_queues.js:82:21)"
    }
  }
}